2025-11-02 04:06:45,819 - __main__ - INFO - Successfully connected to Google Sheets.
2025-11-02 04:06:46,984 - __main__ - INFO - Bot is starting...
2025-11-02 04:06:47,156 - httpx - INFO - HTTP Request: POST https://api.telegram.org/bot8080984118:AAEjdBYzSrp-W88qdT-jvl7M-Sb7mi1JAxI/getMe "HTTP/1.1 200 OK"
2025-11-02 04:06:47,347 - __main__ - INFO - Background scheduler started.
2025-11-02 04:06:47,348 - __main__ - INFO - Scheduler will run next job in 22.89 hours.
2025-11-02 04:06:47,392 - httpx - INFO - HTTP Request: POST https://api.telegram.org/bot8080984118:AAEjdBYzSrp-W88qdT-jvl7M-Sb7mi1JAxI/deleteWebhook "HTTP/1.1 200 OK"
2025-11-02 04:06:47,396 - telegram.ext.Application - INFO - Application started
2025-11-02 04:06:51,587 - httpx - INFO - HTTP Request: POST https://api.telegram.org/bot8080984118:AAEjdBYzSrp-W88qdT-jvl7M-Sb7mi1JAxI/getUpdates "HTTP/1.1 409 Conflict"
2025-11-02 04:06:51,590 - __main__ - ERROR - Exception while handling an update: Conflict: terminated by other getUpdates request; make sure that only one bot instance is running
Traceback (most recent call last):
  File "/root/ikona_ai/venv/lib/python3.12/site-packages/telegram/ext/_utils/networkloop.py", line 115, in network_retry_loop
    if not await do_action():
           ^^^^^^^^^^^^^^^^^
  File "/root/ikona_ai/venv/lib/python3.12/site-packages/telegram/ext/_utils/networkloop.py", line 108, in do_action
    return action_cb_task.result()
           ^^^^^^^^^^^^^^^^^^^^^^^
  File "/root/ikona_ai/venv/lib/python3.12/site-packages/telegram/ext/_updater.py", line 340, in polling_action_cb
    updates = await self.bot.get_updates(
              ^^^^^^^^^^^^^^^^^^^^^^^^^^^
  File "/root/ikona_ai/venv/lib/python3.12/site-packages/telegram/ext/_extbot.py", line 669, in get_updates
    updates = await super().get_updates(
              ^^^^^^^^^^^^^^^^^^^^^^^^^^
  File "/root/ikona_ai/venv/lib/python3.12/site-packages/telegram/_bot.py", line 4610, in get_updates
    await self._post(
  File "/root/ikona_ai/venv/lib/python3.12/site-packages/telegram/_bot.py", line 697, in _post
    return await self._do_post(
           ^^^^^^^^^^^^^^^^^^^^
  File "/root/ikona_ai/venv/lib/python3.12/site-packages/telegram/ext/_extbot.py", line 369, in _do_post
    return await super()._do_post(
           ^^^^^^^^^^^^^^^^^^^^^^^
  File "/root/ikona_ai/venv/lib/python3.12/site-packages/telegram/_bot.py", line 726, in _do_post
    result = await request.post(
             ^^^^^^^^^^^^^^^^^^^
  File "/root/ikona_ai/venv/lib/python3.12/site-packages/telegram/request/_baserequest.py", line 197, in post
    result = await self._request_wrapper(
             ^^^^^^^^^^^^^^^^^^^^^^^^^^^^
  File "/root/ikona_ai/venv/lib/python3.12/site-packages/telegram/request/_baserequest.py", line 374, in _request_wrapper
    raise exception
telegram.error.Conflict: Conflict: terminated by other getUpdates request; make sure that only one bot instance is running
2025-11-02 04:06:57,190 - httpx - INFO - HTTP Request: POST https://api.telegram.org/bot8080984118:AAEjdBYzSrp-W88qdT-jvl7M-Sb7mi1JAxI/getUpdates "HTTP/1.1 409 Conflict"
2025-11-02 04:06:57,194 - __main__ - ERROR - Exception while handling an update: Conflict: terminated by other getUpdates request; make sure that only one bot instance is running
Traceback (most recent call last):
  File "/root/ikona_ai/venv/lib/python3.12/site-packages/telegram/ext/_utils/networkloop.py", line 115, in network_retry_loop
    if not await do_action():
           ^^^^^^^^^^^^^^^^^
  File "/root/ikona_ai/venv/lib/python3.12/site-packages/telegram/ext/_utils/networkloop.py", line 108, in do_action
    return action_cb_task.result()
           ^^^^^^^^^^^^^^^^^^^^^^^
  File "/root/ikona_ai/venv/lib/python3.12/site-packages/telegram/ext/_updater.py", line 340, in polling_action_cb
    updates = await self.bot.get_updates(
              ^^^^^^^^^^^^^^^^^^^^^^^^^^^
  File "/root/ikona_ai/venv/lib/python3.12/site-packages/telegram/ext/_extbot.py", line 669, in get_updates
    updates = await super().get_updates(
              ^^^^^^^^^^^^^^^^^^^^^^^^^^
  File "/root/ikona_ai/venv/lib/python3.12/site-packages/telegram/_bot.py", line 4610, in get_updates
    await self._post(
  File "/root/ikona_ai/venv/lib/python3.12/site-packages/telegram/_bot.py", line 697, in _post
    return await self._do_post(
           ^^^^^^^^^^^^^^^^^^^^
  File "/root/ikona_ai/venv/lib/python3.12/site-packages/telegram/ext/_extbot.py", line 369, in _do_post
    return await super()._do_post(
           ^^^^^^^^^^^^^^^^^^^^^^^
  File "/root/ikona_ai/venv/lib/python3.12/site-packages/telegram/_bot.py", line 726, in _do_post
    result = await request.post(
             ^^^^^^^^^^^^^^^^^^^
  File "/root/ikona_ai/venv/lib/python3.12/site-packages/telegram/request/_baserequest.py", line 197, in post
    result = await self._request_wrapper(
             ^^^^^^^^^^^^^^^^^^^^^^^^^^^^
  File "/root/ikona_ai/venv/lib/python3.12/site-packages/telegram/request/_baserequest.py", line 374, in _request_wrapper
    raise exception
telegram.error.Conflict: Conflict: terminated by other getUpdates request; make sure that only one bot instance is running
2025-11-02 04:06:59,093 - httpx - INFO - HTTP Request: POST https://api.telegram.org/bot8080984118:AAEjdBYzSrp-W88qdT-jvl7M-Sb7mi1JAxI/getUpdates "HTTP/1.1 200 OK"
2025-11-02 04:07:04,041 - httpx - INFO - HTTP Request: POST https://api.telegram.org/bot8080984118:AAEjdBYzSrp-W88qdT-jvl7M-Sb7mi1JAxI/getUpdates "HTTP/1.1 409 Conflict"
2025-11-02 04:07:04,044 - __main__ - ERROR - Exception while handling an update: Conflict: terminated by other getUpdates request; make sure that only one bot instance is running
Traceback (most recent call last):
  File "/root/ikona_ai/venv/lib/python3.12/site-packages/telegram/ext/_utils/networkloop.py", line 115, in network_retry_loop
    if not await do_action():
           ^^^^^^^^^^^^^^^^^
  File "/root/ikona_ai/venv/lib/python3.12/site-packages/telegram/ext/_utils/networkloop.py", line 108, in do_action
    return action_cb_task.result()
           ^^^^^^^^^^^^^^^^^^^^^^^
  File "/root/ikona_ai/venv/lib/python3.12/site-packages/telegram/ext/_updater.py", line 340, in polling_action_cb
    updates = await self.bot.get_updates(
              ^^^^^^^^^^^^^^^^^^^^^^^^^^^
  File "/root/ikona_ai/venv/lib/python3.12/site-packages/telegram/ext/_extbot.py", line 669, in get_updates
    updates = await super().get_updates(
              ^^^^^^^^^^^^^^^^^^^^^^^^^^
  File "/root/ikona_ai/venv/lib/python3.12/site-packages/telegram/_bot.py", line 4610, in get_updates
    await self._post(
  File "/root/ikona_ai/venv/lib/python3.12/site-packages/telegram/_bot.py", line 697, in _post
    return await self._do_post(
           ^^^^^^^^^^^^^^^^^^^^
  File "/root/ikona_ai/venv/lib/python3.12/site-packages/telegram/ext/_extbot.py", line 369, in _do_post
    return await super()._do_post(
           ^^^^^^^^^^^^^^^^^^^^^^^
  File "/root/ikona_ai/venv/lib/python3.12/site-packages/telegram/_bot.py", line 726, in _do_post
    result = await request.post(
             ^^^^^^^^^^^^^^^^^^^
  File "/root/ikona_ai/venv/lib/python3.12/site-packages/telegram/request/_baserequest.py", line 197, in post
    result = await self._request_wrapper(
             ^^^^^^^^^^^^^^^^^^^^^^^^^^^^
  File "/root/ikona_ai/venv/lib/python3.12/site-packages/telegram/request/_baserequest.py", line 374, in _request_wrapper
    raise exception
telegram.error.Conflict: Conflict: terminated by other getUpdates request; make sure that only one bot instance is running
2025-11-02 04:07:08,520 - httpx - INFO - HTTP Request: POST https://api.telegram.org/bot8080984118:AAEjdBYzSrp-W88qdT-jvl7M-Sb7mi1JAxI/getUpdates "HTTP/1.1 409 Conflict"
2025-11-02 04:07:08,523 - __main__ - ERROR - Exception while handling an update: Conflict: terminated by other getUpdates request; make sure that only one bot instance is running
Traceback (most recent call last):
  File "/root/ikona_ai/venv/lib/python3.12/site-packages/telegram/ext/_utils/networkloop.py", line 115, in network_retry_loop
    if not await do_action():
           ^^^^^^^^^^^^^^^^^
  File "/root/ikona_ai/venv/lib/python3.12/site-packages/telegram/ext/_utils/networkloop.py", line 108, in do_action
    return action_cb_task.result()
           ^^^^^^^^^^^^^^^^^^^^^^^
  File "/root/ikona_ai/venv/lib/python3.12/site-packages/telegram/ext/_updater.py", line 340, in polling_action_cb
    updates = await self.bot.get_updates(
              ^^^^^^^^^^^^^^^^^^^^^^^^^^^
  File "/root/ikona_ai/venv/lib/python3.12/site-packages/telegram/ext/_extbot.py", line 669, in get_updates
    updates = await super().get_updates(
              ^^^^^^^^^^^^^^^^^^^^^^^^^^
  File "/root/ikona_ai/venv/lib/python3.12/site-packages/telegram/_bot.py", line 4610, in get_updates
    await self._post(
  File "/root/ikona_ai/venv/lib/python3.12/site-packages/telegram/_bot.py", line 697, in _post
    return await self._do_post(
           ^^^^^^^^^^^^^^^^^^^^
  File "/root/ikona_ai/venv/lib/python3.12/site-packages/telegram/ext/_extbot.py", line 369, in _do_post
    return await super()._do_post(
           ^^^^^^^^^^^^^^^^^^^^^^^
  File "/root/ikona_ai/venv/lib/python3.12/site-packages/telegram/_bot.py", line 726, in _do_post
    result = await request.post(
             ^^^^^^^^^^^^^^^^^^^
  File "/root/ikona_ai/venv/lib/python3.12/site-packages/telegram/request/_baserequest.py", line 197, in post
    result = await self._request_wrapper(
             ^^^^^^^^^^^^^^^^^^^^^^^^^^^^
  File "/root/ikona_ai/venv/lib/python3.12/site-packages/telegram/request/_baserequest.py", line 374, in _request_wrapper
    raise exception
telegram.error.Conflict: Conflict: terminated by other getUpdates request; make sure that only one bot instance is running
2025-11-02 04:07:18,290 - httpx - INFO - HTTP Request: POST https://api.telegram.org/bot8080984118:AAEjdBYzSrp-W88qdT-jvl7M-Sb7mi1JAxI/getUpdates "HTTP/1.1 409 Conflict"
2025-11-02 04:07:18,291 - __main__ - ERROR - Exception while handling an update: Conflict: terminated by other getUpdates request; make sure that only one bot instance is running
Traceback (most recent call last):
  File "/root/ikona_ai/venv/lib/python3.12/site-packages/telegram/ext/_utils/networkloop.py", line 115, in network_retry_loop
    if not await do_action():
           ^^^^^^^^^^^^^^^^^
  File "/root/ikona_ai/venv/lib/python3.12/site-packages/telegram/ext/_utils/networkloop.py", line 108, in do_action
    return action_cb_task.result()
           ^^^^^^^^^^^^^^^^^^^^^^^
  File "/root/ikona_ai/venv/lib/python3.12/site-packages/telegram/ext/_updater.py", line 340, in polling_action_cb
    updates = await self.bot.get_updates(
              ^^^^^^^^^^^^^^^^^^^^^^^^^^^
  File "/root/ikona_ai/venv/lib/python3.12/site-packages/telegram/ext/_extbot.py", line 669, in get_updates
    updates = await super().get_updates(
              ^^^^^^^^^^^^^^^^^^^^^^^^^^
  File "/root/ikona_ai/venv/lib/python3.12/site-packages/telegram/_bot.py", line 4610, in get_updates
    await self._post(
  File "/root/ikona_ai/venv/lib/python3.12/site-packages/telegram/_bot.py", line 697, in _post
    return await self._do_post(
           ^^^^^^^^^^^^^^^^^^^^
  File "/root/ikona_ai/venv/lib/python3.12/site-packages/telegram/ext/_extbot.py", line 369, in _do_post
    return await super()._do_post(
           ^^^^^^^^^^^^^^^^^^^^^^^
  File "/root/ikona_ai/venv/lib/python3.12/site-packages/telegram/_bot.py", line 726, in _do_post
    result = await request.post(
             ^^^^^^^^^^^^^^^^^^^
  File "/root/ikona_ai/venv/lib/python3.12/site-packages/telegram/request/_baserequest.py", line 197, in post
    result = await self._request_wrapper(
             ^^^^^^^^^^^^^^^^^^^^^^^^^^^^
  File "/root/ikona_ai/venv/lib/python3.12/site-packages/telegram/request/_baserequest.py", line 374, in _request_wrapper
    raise exception
telegram.error.Conflict: Conflict: terminated by other getUpdates request; make sure that only one bot instance is running
2025-11-02 04:07:20,788 - __main__ - INFO - Successfully connected to Google Sheets.
2025-11-02 04:07:22,020 - __main__ - INFO - Bot is starting...
2025-11-02 04:07:22,182 - httpx - INFO - HTTP Request: POST https://api.telegram.org/bot8080984118:AAEjdBYzSrp-W88qdT-jvl7M-Sb7mi1JAxI/getMe "HTTP/1.1 200 OK"
2025-11-02 04:07:22,313 - __main__ - INFO - Background scheduler started.
2025-11-02 04:07:22,313 - __main__ - INFO - Scheduler will run next job in 22.88 hours.
2025-11-02 04:07:22,359 - httpx - INFO - HTTP Request: POST https://api.telegram.org/bot8080984118:AAEjdBYzSrp-W88qdT-jvl7M-Sb7mi1JAxI/deleteWebhook "HTTP/1.1 200 OK"
2025-11-02 04:07:22,362 - telegram.ext.Application - INFO - Application started
2025-11-02 04:07:22,508 - httpx - INFO - HTTP Request: POST https://api.telegram.org/bot8080984118:AAEjdBYzSrp-W88qdT-jvl7M-Sb7mi1JAxI/getUpdates "HTTP/1.1 409 Conflict"
2025-11-02 04:07:22,509 - __main__ - ERROR - Exception while handling an update: Conflict: terminated by other getUpdates request; make sure that only one bot instance is running
Traceback (most recent call last):
  File "/root/ikona_ai/venv/lib/python3.12/site-packages/telegram/ext/_utils/networkloop.py", line 115, in network_retry_loop
    if not await do_action():
           ^^^^^^^^^^^^^^^^^
  File "/root/ikona_ai/venv/lib/python3.12/site-packages/telegram/ext/_utils/networkloop.py", line 108, in do_action
    return action_cb_task.result()
           ^^^^^^^^^^^^^^^^^^^^^^^
  File "/root/ikona_ai/venv/lib/python3.12/site-packages/telegram/ext/_updater.py", line 340, in polling_action_cb
    updates = await self.bot.get_updates(
              ^^^^^^^^^^^^^^^^^^^^^^^^^^^
  File "/root/ikona_ai/venv/lib/python3.12/site-packages/telegram/ext/_extbot.py", line 669, in get_updates
    updates = await super().get_updates(
              ^^^^^^^^^^^^^^^^^^^^^^^^^^
  File "/root/ikona_ai/venv/lib/python3.12/site-packages/telegram/_bot.py", line 4610, in get_updates
    await self._post(
  File "/root/ikona_ai/venv/lib/python3.12/site-packages/telegram/_bot.py", line 697, in _post
    return await self._do_post(
           ^^^^^^^^^^^^^^^^^^^^
  File "/root/ikona_ai/venv/lib/python3.12/site-packages/telegram/ext/_extbot.py", line 369, in _do_post
    return await super()._do_post(
           ^^^^^^^^^^^^^^^^^^^^^^^
  File "/root/ikona_ai/venv/lib/python3.12/site-packages/telegram/_bot.py", line 726, in _do_post
    result = await request.post(
             ^^^^^^^^^^^^^^^^^^^
  File "/root/ikona_ai/venv/lib/python3.12/site-packages/telegram/request/_baserequest.py", line 197, in post
    result = await self._request_wrapper(
             ^^^^^^^^^^^^^^^^^^^^^^^^^^^^
  File "/root/ikona_ai/venv/lib/python3.12/site-packages/telegram/request/_baserequest.py", line 374, in _request_wrapper
    raise exception
telegram.error.Conflict: Conflict: terminated by other getUpdates request; make sure that only one bot instance is running
2025-11-02 04:07:25,935 - httpx - INFO - HTTP Request: POST https://api.telegram.org/bot8080984118:AAEjdBYzSrp-W88qdT-jvl7M-Sb7mi1JAxI/getUpdates "HTTP/1.1 409 Conflict"
2025-11-02 04:07:25,938 - __main__ - ERROR - Exception while handling an update: Conflict: terminated by other getUpdates request; make sure that only one bot instance is running
Traceback (most recent call last):
  File "/root/ikona_ai/venv/lib/python3.12/site-packages/telegram/ext/_utils/networkloop.py", line 115, in network_retry_loop
    if not await do_action():
           ^^^^^^^^^^^^^^^^^
  File "/root/ikona_ai/venv/lib/python3.12/site-packages/telegram/ext/_utils/networkloop.py", line 108, in do_action
    return action_cb_task.result()
           ^^^^^^^^^^^^^^^^^^^^^^^
  File "/root/ikona_ai/venv/lib/python3.12/site-packages/telegram/ext/_updater.py", line 340, in polling_action_cb
    updates = await self.bot.get_updates(
              ^^^^^^^^^^^^^^^^^^^^^^^^^^^
  File "/root/ikona_ai/venv/lib/python3.12/site-packages/telegram/ext/_extbot.py", line 669, in get_updates
    updates = await super().get_updates(
              ^^^^^^^^^^^^^^^^^^^^^^^^^^
  File "/root/ikona_ai/venv/lib/python3.12/site-packages/telegram/_bot.py", line 4610, in get_updates
    await self._post(
  File "/root/ikona_ai/venv/lib/python3.12/site-packages/telegram/_bot.py", line 697, in _post
    return await self._do_post(
           ^^^^^^^^^^^^^^^^^^^^
  File "/root/ikona_ai/venv/lib/python3.12/site-packages/telegram/ext/_extbot.py", line 369, in _do_post
    return await super()._do_post(
           ^^^^^^^^^^^^^^^^^^^^^^^
  File "/root/ikona_ai/venv/lib/python3.12/site-packages/telegram/_bot.py", line 726, in _do_post
    result = await request.post(
             ^^^^^^^^^^^^^^^^^^^
  File "/root/ikona_ai/venv/lib/python3.12/site-packages/telegram/request/_baserequest.py", line 197, in post
    result = await self._request_wrapper(
             ^^^^^^^^^^^^^^^^^^^^^^^^^^^^
  File "/root/ikona_ai/venv/lib/python3.12/site-packages/telegram/request/_baserequest.py", line 374, in _request_wrapper
    raise exception
telegram.error.Conflict: Conflict: terminated by other getUpdates request; make sure that only one bot instance is running
2025-11-02 04:07:29,988 - httpx - INFO - HTTP Request: POST https://api.telegram.org/bot8080984118:AAEjdBYzSrp-W88qdT-jvl7M-Sb7mi1JAxI/getUpdates "HTTP/1.1 409 Conflict"
2025-11-02 04:07:29,990 - __main__ - ERROR - Exception while handling an update: Conflict: terminated by other getUpdates request; make sure that only one bot instance is running
Traceback (most recent call last):
  File "/root/ikona_ai/venv/lib/python3.12/site-packages/telegram/ext/_utils/networkloop.py", line 115, in network_retry_loop
    if not await do_action():
           ^^^^^^^^^^^^^^^^^
  File "/root/ikona_ai/venv/lib/python3.12/site-packages/telegram/ext/_utils/networkloop.py", line 108, in do_action
    return action_cb_task.result()
           ^^^^^^^^^^^^^^^^^^^^^^^
  File "/root/ikona_ai/venv/lib/python3.12/site-packages/telegram/ext/_updater.py", line 340, in polling_action_cb
    updates = await self.bot.get_updates(
              ^^^^^^^^^^^^^^^^^^^^^^^^^^^
  File "/root/ikona_ai/venv/lib/python3.12/site-packages/telegram/ext/_extbot.py", line 669, in get_updates
    updates = await super().get_updates(
              ^^^^^^^^^^^^^^^^^^^^^^^^^^
  File "/root/ikona_ai/venv/lib/python3.12/site-packages/telegram/_bot.py", line 4610, in get_updates
    await self._post(
  File "/root/ikona_ai/venv/lib/python3.12/site-packages/telegram/_bot.py", line 697, in _post
    return await self._do_post(
           ^^^^^^^^^^^^^^^^^^^^
  File "/root/ikona_ai/venv/lib/python3.12/site-packages/telegram/ext/_extbot.py", line 369, in _do_post
    return await super()._do_post(
           ^^^^^^^^^^^^^^^^^^^^^^^
  File "/root/ikona_ai/venv/lib/python3.12/site-packages/telegram/_bot.py", line 726, in _do_post
    result = await request.post(
             ^^^^^^^^^^^^^^^^^^^
  File "/root/ikona_ai/venv/lib/python3.12/site-packages/telegram/request/_baserequest.py", line 197, in post
    result = await self._request_wrapper(
             ^^^^^^^^^^^^^^^^^^^^^^^^^^^^
  File "/root/ikona_ai/venv/lib/python3.12/site-packages/telegram/request/_baserequest.py", line 374, in _request_wrapper
    raise exception
telegram.error.Conflict: Conflict: terminated by other getUpdates request; make sure that only one bot instance is running
2025-11-02 04:07:31,340 - httpx - INFO - HTTP Request: POST https://api.telegram.org/bot8080984118:AAEjdBYzSrp-W88qdT-jvl7M-Sb7mi1JAxI/getUpdates "HTTP/1.1 409 Conflict"
2025-11-02 04:07:31,343 - __main__ - ERROR - Exception while handling an update: Conflict: terminated by other getUpdates request; make sure that only one bot instance is running
Traceback (most recent call last):
  File "/root/ikona_ai/venv/lib/python3.12/site-packages/telegram/ext/_utils/networkloop.py", line 115, in network_retry_loop
    if not await do_action():
           ^^^^^^^^^^^^^^^^^
  File "/root/ikona_ai/venv/lib/python3.12/site-packages/telegram/ext/_utils/networkloop.py", line 108, in do_action
    return action_cb_task.result()
           ^^^^^^^^^^^^^^^^^^^^^^^
  File "/root/ikona_ai/venv/lib/python3.12/site-packages/telegram/ext/_updater.py", line 340, in polling_action_cb
    updates = await self.bot.get_updates(
              ^^^^^^^^^^^^^^^^^^^^^^^^^^^
  File "/root/ikona_ai/venv/lib/python3.12/site-packages/telegram/ext/_extbot.py", line 669, in get_updates
    updates = await super().get_updates(
              ^^^^^^^^^^^^^^^^^^^^^^^^^^
  File "/root/ikona_ai/venv/lib/python3.12/site-packages/telegram/_bot.py", line 4610, in get_updates
    await self._post(
  File "/root/ikona_ai/venv/lib/python3.12/site-packages/telegram/_bot.py", line 697, in _post
    return await self._do_post(
           ^^^^^^^^^^^^^^^^^^^^
  File "/root/ikona_ai/venv/lib/python3.12/site-packages/telegram/ext/_extbot.py", line 369, in _do_post
    return await super()._do_post(
           ^^^^^^^^^^^^^^^^^^^^^^^
  File "/root/ikona_ai/venv/lib/python3.12/site-packages/telegram/_bot.py", line 726, in _do_post
    result = await request.post(
             ^^^^^^^^^^^^^^^^^^^
  File "/root/ikona_ai/venv/lib/python3.12/site-packages/telegram/request/_baserequest.py", line 197, in post
    result = await self._request_wrapper(
             ^^^^^^^^^^^^^^^^^^^^^^^^^^^^
  File "/root/ikona_ai/venv/lib/python3.12/site-packages/telegram/request/_baserequest.py", line 374, in _request_wrapper
    raise exception
telegram.error.Conflict: Conflict: terminated by other getUpdates request; make sure that only one bot instance is running
2025-11-02 04:07:35,198 - httpx - INFO - HTTP Request: POST https://api.telegram.org/bot8080984118:AAEjdBYzSrp-W88qdT-jvl7M-Sb7mi1JAxI/getUpdates "HTTP/1.1 409 Conflict"
2025-11-02 04:07:35,200 - __main__ - ERROR - Exception while handling an update: Conflict: terminated by other getUpdates request; make sure that only one bot instance is running
Traceback (most recent call last):
  File "/root/ikona_ai/venv/lib/python3.12/site-packages/telegram/ext/_utils/networkloop.py", line 115, in network_retry_loop
    if not await do_action():
           ^^^^^^^^^^^^^^^^^
  File "/root/ikona_ai/venv/lib/python3.12/site-packages/telegram/ext/_utils/networkloop.py", line 108, in do_action
    return action_cb_task.result()
           ^^^^^^^^^^^^^^^^^^^^^^^
  File "/root/ikona_ai/venv/lib/python3.12/site-packages/telegram/ext/_updater.py", line 340, in polling_action_cb
    updates = await self.bot.get_updates(
              ^^^^^^^^^^^^^^^^^^^^^^^^^^^
  File "/root/ikona_ai/venv/lib/python3.12/site-packages/telegram/ext/_extbot.py", line 669, in get_updates
    updates = await super().get_updates(
              ^^^^^^^^^^^^^^^^^^^^^^^^^^
  File "/root/ikona_ai/venv/lib/python3.12/site-packages/telegram/_bot.py", line 4610, in get_updates
    await self._post(
  File "/root/ikona_ai/venv/lib/python3.12/site-packages/telegram/_bot.py", line 697, in _post
    return await self._do_post(
           ^^^^^^^^^^^^^^^^^^^^
  File "/root/ikona_ai/venv/lib/python3.12/site-packages/telegram/ext/_extbot.py", line 369, in _do_post
    return await super()._do_post(
           ^^^^^^^^^^^^^^^^^^^^^^^
  File "/root/ikona_ai/venv/lib/python3.12/site-packages/telegram/_bot.py", line 726, in _do_post
    result = await request.post(
             ^^^^^^^^^^^^^^^^^^^
  File "/root/ikona_ai/venv/lib/python3.12/site-packages/telegram/request/_baserequest.py", line 197, in post
    result = await self._request_wrapper(
             ^^^^^^^^^^^^^^^^^^^^^^^^^^^^
  File "/root/ikona_ai/venv/lib/python3.12/site-packages/telegram/request/_baserequest.py", line 374, in _request_wrapper
    raise exception
telegram.error.Conflict: Conflict: terminated by other getUpdates request; make sure that only one bot instance is running
2025-11-02 04:07:40,502 - httpx - INFO - HTTP Request: POST https://api.telegram.org/bot8080984118:AAEjdBYzSrp-W88qdT-jvl7M-Sb7mi1JAxI/getUpdates "HTTP/1.1 409 Conflict"
2025-11-02 04:07:40,504 - __main__ - ERROR - Exception while handling an update: Conflict: terminated by other getUpdates request; make sure that only one bot instance is running
Traceback (most recent call last):
  File "/root/ikona_ai/venv/lib/python3.12/site-packages/telegram/ext/_utils/networkloop.py", line 115, in network_retry_loop
    if not await do_action():
           ^^^^^^^^^^^^^^^^^
  File "/root/ikona_ai/venv/lib/python3.12/site-packages/telegram/ext/_utils/networkloop.py", line 108, in do_action
    return action_cb_task.result()
           ^^^^^^^^^^^^^^^^^^^^^^^
  File "/root/ikona_ai/venv/lib/python3.12/site-packages/telegram/ext/_updater.py", line 340, in polling_action_cb
    updates = await self.bot.get_updates(
              ^^^^^^^^^^^^^^^^^^^^^^^^^^^
  File "/root/ikona_ai/venv/lib/python3.12/site-packages/telegram/ext/_extbot.py", line 669, in get_updates
    updates = await super().get_updates(
              ^^^^^^^^^^^^^^^^^^^^^^^^^^
  File "/root/ikona_ai/venv/lib/python3.12/site-packages/telegram/_bot.py", line 4610, in get_updates
    await self._post(
  File "/root/ikona_ai/venv/lib/python3.12/site-packages/telegram/_bot.py", line 697, in _post
    return await self._do_post(
           ^^^^^^^^^^^^^^^^^^^^
  File "/root/ikona_ai/venv/lib/python3.12/site-packages/telegram/ext/_extbot.py", line 369, in _do_post
    return await super()._do_post(
           ^^^^^^^^^^^^^^^^^^^^^^^
  File "/root/ikona_ai/venv/lib/python3.12/site-packages/telegram/_bot.py", line 726, in _do_post
    result = await request.post(
             ^^^^^^^^^^^^^^^^^^^
  File "/root/ikona_ai/venv/lib/python3.12/site-packages/telegram/request/_baserequest.py", line 197, in post
    result = await self._request_wrapper(
             ^^^^^^^^^^^^^^^^^^^^^^^^^^^^
  File "/root/ikona_ai/venv/lib/python3.12/site-packages/telegram/request/_baserequest.py", line 374, in _request_wrapper
    raise exception
telegram.error.Conflict: Conflict: terminated by other getUpdates request; make sure that only one bot instance is running
2025-11-02 04:07:47,446 - httpx - INFO - HTTP Request: POST https://api.telegram.org/bot8080984118:AAEjdBYzSrp-W88qdT-jvl7M-Sb7mi1JAxI/getUpdates "HTTP/1.1 409 Conflict"
2025-11-02 04:07:47,450 - __main__ - ERROR - Exception while handling an update: Conflict: terminated by other getUpdates request; make sure that only one bot instance is running
Traceback (most recent call last):
  File "/root/ikona_ai/venv/lib/python3.12/site-packages/telegram/ext/_utils/networkloop.py", line 115, in network_retry_loop
    if not await do_action():
           ^^^^^^^^^^^^^^^^^
  File "/root/ikona_ai/venv/lib/python3.12/site-packages/telegram/ext/_utils/networkloop.py", line 108, in do_action
    return action_cb_task.result()
           ^^^^^^^^^^^^^^^^^^^^^^^
  File "/root/ikona_ai/venv/lib/python3.12/site-packages/telegram/ext/_updater.py", line 340, in polling_action_cb
    updates = await self.bot.get_updates(
              ^^^^^^^^^^^^^^^^^^^^^^^^^^^
  File "/root/ikona_ai/venv/lib/python3.12/site-packages/telegram/ext/_extbot.py", line 669, in get_updates
    updates = await super().get_updates(
              ^^^^^^^^^^^^^^^^^^^^^^^^^^
  File "/root/ikona_ai/venv/lib/python3.12/site-packages/telegram/_bot.py", line 4610, in get_updates
    await self._post(
  File "/root/ikona_ai/venv/lib/python3.12/site-packages/telegram/_bot.py", line 697, in _post
    return await self._do_post(
           ^^^^^^^^^^^^^^^^^^^^
  File "/root/ikona_ai/venv/lib/python3.12/site-packages/telegram/ext/_extbot.py", line 369, in _do_post
    return await super()._do_post(
           ^^^^^^^^^^^^^^^^^^^^^^^
  File "/root/ikona_ai/venv/lib/python3.12/site-packages/telegram/_bot.py", line 726, in _do_post
    result = await request.post(
             ^^^^^^^^^^^^^^^^^^^
  File "/root/ikona_ai/venv/lib/python3.12/site-packages/telegram/request/_baserequest.py", line 197, in post
    result = await self._request_wrapper(
             ^^^^^^^^^^^^^^^^^^^^^^^^^^^^
  File "/root/ikona_ai/venv/lib/python3.12/site-packages/telegram/request/_baserequest.py", line 374, in _request_wrapper
    raise exception
telegram.error.Conflict: Conflict: terminated by other getUpdates request; make sure that only one bot instance is running
2025-11-02 04:07:50,884 - httpx - INFO - HTTP Request: POST https://api.telegram.org/bot8080984118:AAEjdBYzSrp-W88qdT-jvl7M-Sb7mi1JAxI/getUpdates "HTTP/1.1 409 Conflict"
2025-11-02 04:07:50,888 - __main__ - ERROR - Exception while handling an update: Conflict: terminated by other getUpdates request; make sure that only one bot instance is running
Traceback (most recent call last):
  File "/root/ikona_ai/venv/lib/python3.12/site-packages/telegram/ext/_utils/networkloop.py", line 115, in network_retry_loop
    if not await do_action():
           ^^^^^^^^^^^^^^^^^
  File "/root/ikona_ai/venv/lib/python3.12/site-packages/telegram/ext/_utils/networkloop.py", line 108, in do_action
    return action_cb_task.result()
           ^^^^^^^^^^^^^^^^^^^^^^^
  File "/root/ikona_ai/venv/lib/python3.12/site-packages/telegram/ext/_updater.py", line 340, in polling_action_cb
    updates = await self.bot.get_updates(
              ^^^^^^^^^^^^^^^^^^^^^^^^^^^
  File "/root/ikona_ai/venv/lib/python3.12/site-packages/telegram/ext/_extbot.py", line 669, in get_updates
    updates = await super().get_updates(
              ^^^^^^^^^^^^^^^^^^^^^^^^^^
  File "/root/ikona_ai/venv/lib/python3.12/site-packages/telegram/_bot.py", line 4610, in get_updates
    await self._post(
  File "/root/ikona_ai/venv/lib/python3.12/site-packages/telegram/_bot.py", line 697, in _post
    return await self._do_post(
           ^^^^^^^^^^^^^^^^^^^^
  File "/root/ikona_ai/venv/lib/python3.12/site-packages/telegram/ext/_extbot.py", line 369, in _do_post
    return await super()._do_post(
           ^^^^^^^^^^^^^^^^^^^^^^^
  File "/root/ikona_ai/venv/lib/python3.12/site-packages/telegram/_bot.py", line 726, in _do_post
    result = await request.post(
             ^^^^^^^^^^^^^^^^^^^
  File "/root/ikona_ai/venv/lib/python3.12/site-packages/telegram/request/_baserequest.py", line 197, in post
    result = await self._request_wrapper(
             ^^^^^^^^^^^^^^^^^^^^^^^^^^^^
  File "/root/ikona_ai/venv/lib/python3.12/site-packages/telegram/request/_baserequest.py", line 374, in _request_wrapper
    raise exception
telegram.error.Conflict: Conflict: terminated by other getUpdates request; make sure that only one bot instance is running
2025-11-02 04:08:00,886 - httpx - INFO - HTTP Request: POST https://api.telegram.org/bot8080984118:AAEjdBYzSrp-W88qdT-jvl7M-Sb7mi1JAxI/getUpdates "HTTP/1.1 200 OK"
2025-11-02 04:08:02,452 - httpx - INFO - HTTP Request: POST https://api.telegram.org/bot8080984118:AAEjdBYzSrp-W88qdT-jvl7M-Sb7mi1JAxI/getUpdates "HTTP/1.1 409 Conflict"
2025-11-02 04:08:02,455 - __main__ - ERROR - Exception while handling an update: Conflict: terminated by other getUpdates request; make sure that only one bot instance is running
Traceback (most recent call last):
  File "/root/ikona_ai/venv/lib/python3.12/site-packages/telegram/ext/_utils/networkloop.py", line 115, in network_retry_loop
    if not await do_action():
           ^^^^^^^^^^^^^^^^^
  File "/root/ikona_ai/venv/lib/python3.12/site-packages/telegram/ext/_utils/networkloop.py", line 108, in do_action
    return action_cb_task.result()
           ^^^^^^^^^^^^^^^^^^^^^^^
  File "/root/ikona_ai/venv/lib/python3.12/site-packages/telegram/ext/_updater.py", line 340, in polling_action_cb
    updates = await self.bot.get_updates(
              ^^^^^^^^^^^^^^^^^^^^^^^^^^^
  File "/root/ikona_ai/venv/lib/python3.12/site-packages/telegram/ext/_extbot.py", line 669, in get_updates
    updates = await super().get_updates(
              ^^^^^^^^^^^^^^^^^^^^^^^^^^
  File "/root/ikona_ai/venv/lib/python3.12/site-packages/telegram/_bot.py", line 4610, in get_updates
    await self._post(
  File "/root/ikona_ai/venv/lib/python3.12/site-packages/telegram/_bot.py", line 697, in _post
    return await self._do_post(
           ^^^^^^^^^^^^^^^^^^^^
  File "/root/ikona_ai/venv/lib/python3.12/site-packages/telegram/ext/_extbot.py", line 369, in _do_post
    return await super()._do_post(
           ^^^^^^^^^^^^^^^^^^^^^^^
  File "/root/ikona_ai/venv/lib/python3.12/site-packages/telegram/_bot.py", line 726, in _do_post
    result = await request.post(
             ^^^^^^^^^^^^^^^^^^^
  File "/root/ikona_ai/venv/lib/python3.12/site-packages/telegram/request/_baserequest.py", line 197, in post
    result = await self._request_wrapper(
             ^^^^^^^^^^^^^^^^^^^^^^^^^^^^
  File "/root/ikona_ai/venv/lib/python3.12/site-packages/telegram/request/_baserequest.py", line 374, in _request_wrapper
    raise exception
telegram.error.Conflict: Conflict: terminated by other getUpdates request; make sure that only one bot instance is running
2025-11-02 04:08:06,502 - httpx - INFO - HTTP Request: POST https://api.telegram.org/bot8080984118:AAEjdBYzSrp-W88qdT-jvl7M-Sb7mi1JAxI/getUpdates "HTTP/1.1 409 Conflict"
2025-11-02 04:08:06,505 - __main__ - ERROR - Exception while handling an update: Conflict: terminated by other getUpdates request; make sure that only one bot instance is running
Traceback (most recent call last):
  File "/root/ikona_ai/venv/lib/python3.12/site-packages/telegram/ext/_utils/networkloop.py", line 115, in network_retry_loop
    if not await do_action():
           ^^^^^^^^^^^^^^^^^
  File "/root/ikona_ai/venv/lib/python3.12/site-packages/telegram/ext/_utils/networkloop.py", line 108, in do_action
    return action_cb_task.result()
           ^^^^^^^^^^^^^^^^^^^^^^^
  File "/root/ikona_ai/venv/lib/python3.12/site-packages/telegram/ext/_updater.py", line 340, in polling_action_cb
    updates = await self.bot.get_updates(
              ^^^^^^^^^^^^^^^^^^^^^^^^^^^
  File "/root/ikona_ai/venv/lib/python3.12/site-packages/telegram/ext/_extbot.py", line 669, in get_updates
    updates = await super().get_updates(
              ^^^^^^^^^^^^^^^^^^^^^^^^^^
  File "/root/ikona_ai/venv/lib/python3.12/site-packages/telegram/_bot.py", line 4610, in get_updates
    await self._post(
  File "/root/ikona_ai/venv/lib/python3.12/site-packages/telegram/_bot.py", line 697, in _post
    return await self._do_post(
           ^^^^^^^^^^^^^^^^^^^^
  File "/root/ikona_ai/venv/lib/python3.12/site-packages/telegram/ext/_extbot.py", line 369, in _do_post
    return await super()._do_post(
           ^^^^^^^^^^^^^^^^^^^^^^^
  File "/root/ikona_ai/venv/lib/python3.12/site-packages/telegram/_bot.py", line 726, in _do_post
    result = await request.post(
             ^^^^^^^^^^^^^^^^^^^
  File "/root/ikona_ai/venv/lib/python3.12/site-packages/telegram/request/_baserequest.py", line 197, in post
    result = await self._request_wrapper(
             ^^^^^^^^^^^^^^^^^^^^^^^^^^^^
  File "/root/ikona_ai/venv/lib/python3.12/site-packages/telegram/request/_baserequest.py", line 374, in _request_wrapper
    raise exception
telegram.error.Conflict: Conflict: terminated by other getUpdates request; make sure that only one bot instance is running
2025-11-02 04:08:08,508 - httpx - INFO - HTTP Request: POST https://api.telegram.org/bot8080984118:AAEjdBYzSrp-W88qdT-jvl7M-Sb7mi1JAxI/getUpdates "HTTP/1.1 409 Conflict"
2025-11-02 04:08:08,509 - __main__ - ERROR - Exception while handling an update: Conflict: terminated by other getUpdates request; make sure that only one bot instance is running
Traceback (most recent call last):
  File "/root/ikona_ai/venv/lib/python3.12/site-packages/telegram/ext/_utils/networkloop.py", line 115, in network_retry_loop
    if not await do_action():
           ^^^^^^^^^^^^^^^^^
  File "/root/ikona_ai/venv/lib/python3.12/site-packages/telegram/ext/_utils/networkloop.py", line 108, in do_action
    return action_cb_task.result()
           ^^^^^^^^^^^^^^^^^^^^^^^
  File "/root/ikona_ai/venv/lib/python3.12/site-packages/telegram/ext/_updater.py", line 340, in polling_action_cb
    updates = await self.bot.get_updates(
              ^^^^^^^^^^^^^^^^^^^^^^^^^^^
  File "/root/ikona_ai/venv/lib/python3.12/site-packages/telegram/ext/_extbot.py", line 669, in get_updates
    updates = await super().get_updates(
              ^^^^^^^^^^^^^^^^^^^^^^^^^^
  File "/root/ikona_ai/venv/lib/python3.12/site-packages/telegram/_bot.py", line 4610, in get_updates
    await self._post(
  File "/root/ikona_ai/venv/lib/python3.12/site-packages/telegram/_bot.py", line 697, in _post
    return await self._do_post(
           ^^^^^^^^^^^^^^^^^^^^
  File "/root/ikona_ai/venv/lib/python3.12/site-packages/telegram/ext/_extbot.py", line 369, in _do_post
    return await super()._do_post(
           ^^^^^^^^^^^^^^^^^^^^^^^
  File "/root/ikona_ai/venv/lib/python3.12/site-packages/telegram/_bot.py", line 726, in _do_post
    result = await request.post(
             ^^^^^^^^^^^^^^^^^^^
  File "/root/ikona_ai/venv/lib/python3.12/site-packages/telegram/request/_baserequest.py", line 197, in post
    result = await self._request_wrapper(
             ^^^^^^^^^^^^^^^^^^^^^^^^^^^^
  File "/root/ikona_ai/venv/lib/python3.12/site-packages/telegram/request/_baserequest.py", line 374, in _request_wrapper
    raise exception
telegram.error.Conflict: Conflict: terminated by other getUpdates request; make sure that only one bot instance is running
2025-11-02 04:08:20,058 - httpx - INFO - HTTP Request: POST https://api.telegram.org/bot8080984118:AAEjdBYzSrp-W88qdT-jvl7M-Sb7mi1JAxI/getUpdates "HTTP/1.1 200 OK"
2025-11-02 04:08:23,757 - httpx - INFO - HTTP Request: POST https://api.telegram.org/bot8080984118:AAEjdBYzSrp-W88qdT-jvl7M-Sb7mi1JAxI/getUpdates "HTTP/1.1 409 Conflict"
2025-11-02 04:08:23,758 - __main__ - ERROR - Exception while handling an update: Conflict: terminated by other getUpdates request; make sure that only one bot instance is running
Traceback (most recent call last):
  File "/root/ikona_ai/venv/lib/python3.12/site-packages/telegram/ext/_utils/networkloop.py", line 115, in network_retry_loop
    if not await do_action():
           ^^^^^^^^^^^^^^^^^
  File "/root/ikona_ai/venv/lib/python3.12/site-packages/telegram/ext/_utils/networkloop.py", line 108, in do_action
    return action_cb_task.result()
           ^^^^^^^^^^^^^^^^^^^^^^^
  File "/root/ikona_ai/venv/lib/python3.12/site-packages/telegram/ext/_updater.py", line 340, in polling_action_cb
    updates = await self.bot.get_updates(
              ^^^^^^^^^^^^^^^^^^^^^^^^^^^
  File "/root/ikona_ai/venv/lib/python3.12/site-packages/telegram/ext/_extbot.py", line 669, in get_updates
    updates = await super().get_updates(
              ^^^^^^^^^^^^^^^^^^^^^^^^^^
  File "/root/ikona_ai/venv/lib/python3.12/site-packages/telegram/_bot.py", line 4610, in get_updates
    await self._post(
  File "/root/ikona_ai/venv/lib/python3.12/site-packages/telegram/_bot.py", line 697, in _post
    return await self._do_post(
           ^^^^^^^^^^^^^^^^^^^^
  File "/root/ikona_ai/venv/lib/python3.12/site-packages/telegram/ext/_extbot.py", line 369, in _do_post
    return await super()._do_post(
           ^^^^^^^^^^^^^^^^^^^^^^^
  File "/root/ikona_ai/venv/lib/python3.12/site-packages/telegram/_bot.py", line 726, in _do_post
    result = await request.post(
             ^^^^^^^^^^^^^^^^^^^
  File "/root/ikona_ai/venv/lib/python3.12/site-packages/telegram/request/_baserequest.py", line 197, in post
    result = await self._request_wrapper(
             ^^^^^^^^^^^^^^^^^^^^^^^^^^^^
  File "/root/ikona_ai/venv/lib/python3.12/site-packages/telegram/request/_baserequest.py", line 374, in _request_wrapper
    raise exception
telegram.error.Conflict: Conflict: terminated by other getUpdates request; make sure that only one bot instance is running
2025-11-02 04:08:27,801 - httpx - INFO - HTTP Request: POST https://api.telegram.org/bot8080984118:AAEjdBYzSrp-W88qdT-jvl7M-Sb7mi1JAxI/getUpdates "HTTP/1.1 409 Conflict"
2025-11-02 04:08:27,802 - __main__ - ERROR - Exception while handling an update: Conflict: terminated by other getUpdates request; make sure that only one bot instance is running
Traceback (most recent call last):
  File "/root/ikona_ai/venv/lib/python3.12/site-packages/telegram/ext/_utils/networkloop.py", line 115, in network_retry_loop
    if not await do_action():
           ^^^^^^^^^^^^^^^^^
  File "/root/ikona_ai/venv/lib/python3.12/site-packages/telegram/ext/_utils/networkloop.py", line 108, in do_action
    return action_cb_task.result()
           ^^^^^^^^^^^^^^^^^^^^^^^
  File "/root/ikona_ai/venv/lib/python3.12/site-packages/telegram/ext/_updater.py", line 340, in polling_action_cb
    updates = await self.bot.get_updates(
              ^^^^^^^^^^^^^^^^^^^^^^^^^^^
  File "/root/ikona_ai/venv/lib/python3.12/site-packages/telegram/ext/_extbot.py", line 669, in get_updates
    updates = await super().get_updates(
              ^^^^^^^^^^^^^^^^^^^^^^^^^^
  File "/root/ikona_ai/venv/lib/python3.12/site-packages/telegram/_bot.py", line 4610, in get_updates
    await self._post(
  File "/root/ikona_ai/venv/lib/python3.12/site-packages/telegram/_bot.py", line 697, in _post
    return await self._do_post(
           ^^^^^^^^^^^^^^^^^^^^
  File "/root/ikona_ai/venv/lib/python3.12/site-packages/telegram/ext/_extbot.py", line 369, in _do_post
    return await super()._do_post(
           ^^^^^^^^^^^^^^^^^^^^^^^
  File "/root/ikona_ai/venv/lib/python3.12/site-packages/telegram/_bot.py", line 726, in _do_post
    result = await request.post(
             ^^^^^^^^^^^^^^^^^^^
  File "/root/ikona_ai/venv/lib/python3.12/site-packages/telegram/request/_baserequest.py", line 197, in post
    result = await self._request_wrapper(
             ^^^^^^^^^^^^^^^^^^^^^^^^^^^^
  File "/root/ikona_ai/venv/lib/python3.12/site-packages/telegram/request/_baserequest.py", line 374, in _request_wrapper
    raise exception
telegram.error.Conflict: Conflict: terminated by other getUpdates request; make sure that only one bot instance is running
2025-11-02 04:08:34,805 - httpx - INFO - HTTP Request: POST https://api.telegram.org/bot8080984118:AAEjdBYzSrp-W88qdT-jvl7M-Sb7mi1JAxI/getUpdates "HTTP/1.1 200 OK"
2025-11-02 04:08:38,850 - httpx - INFO - HTTP Request: POST https://api.telegram.org/bot8080984118:AAEjdBYzSrp-W88qdT-jvl7M-Sb7mi1JAxI/getUpdates "HTTP/1.1 409 Conflict"
2025-11-02 04:08:38,853 - __main__ - ERROR - Exception while handling an update: Conflict: terminated by other getUpdates request; make sure that only one bot instance is running
Traceback (most recent call last):
  File "/root/ikona_ai/venv/lib/python3.12/site-packages/telegram/ext/_utils/networkloop.py", line 115, in network_retry_loop
    if not await do_action():
           ^^^^^^^^^^^^^^^^^
  File "/root/ikona_ai/venv/lib/python3.12/site-packages/telegram/ext/_utils/networkloop.py", line 108, in do_action
    return action_cb_task.result()
           ^^^^^^^^^^^^^^^^^^^^^^^
  File "/root/ikona_ai/venv/lib/python3.12/site-packages/telegram/ext/_updater.py", line 340, in polling_action_cb
    updates = await self.bot.get_updates(
              ^^^^^^^^^^^^^^^^^^^^^^^^^^^
  File "/root/ikona_ai/venv/lib/python3.12/site-packages/telegram/ext/_extbot.py", line 669, in get_updates
    updates = await super().get_updates(
              ^^^^^^^^^^^^^^^^^^^^^^^^^^
  File "/root/ikona_ai/venv/lib/python3.12/site-packages/telegram/_bot.py", line 4610, in get_updates
    await self._post(
  File "/root/ikona_ai/venv/lib/python3.12/site-packages/telegram/_bot.py", line 697, in _post
    return await self._do_post(
           ^^^^^^^^^^^^^^^^^^^^
  File "/root/ikona_ai/venv/lib/python3.12/site-packages/telegram/ext/_extbot.py", line 369, in _do_post
    return await super()._do_post(
           ^^^^^^^^^^^^^^^^^^^^^^^
  File "/root/ikona_ai/venv/lib/python3.12/site-packages/telegram/_bot.py", line 726, in _do_post
    result = await request.post(
             ^^^^^^^^^^^^^^^^^^^
  File "/root/ikona_ai/venv/lib/python3.12/site-packages/telegram/request/_baserequest.py", line 197, in post
    result = await self._request_wrapper(
             ^^^^^^^^^^^^^^^^^^^^^^^^^^^^
  File "/root/ikona_ai/venv/lib/python3.12/site-packages/telegram/request/_baserequest.py", line 374, in _request_wrapper
    raise exception
telegram.error.Conflict: Conflict: terminated by other getUpdates request; make sure that only one bot instance is running
2025-11-02 04:08:49,902 - httpx - INFO - HTTP Request: POST https://api.telegram.org/bot8080984118:AAEjdBYzSrp-W88qdT-jvl7M-Sb7mi1JAxI/getUpdates "HTTP/1.1 200 OK"
2025-11-02 04:08:53,599 - httpx - INFO - HTTP Request: POST https://api.telegram.org/bot8080984118:AAEjdBYzSrp-W88qdT-jvl7M-Sb7mi1JAxI/getUpdates "HTTP/1.1 409 Conflict"
2025-11-02 04:08:53,601 - __main__ - ERROR - Exception while handling an update: Conflict: terminated by other getUpdates request; make sure that only one bot instance is running
Traceback (most recent call last):
  File "/root/ikona_ai/venv/lib/python3.12/site-packages/telegram/ext/_utils/networkloop.py", line 115, in network_retry_loop
    if not await do_action():
           ^^^^^^^^^^^^^^^^^
  File "/root/ikona_ai/venv/lib/python3.12/site-packages/telegram/ext/_utils/networkloop.py", line 108, in do_action
    return action_cb_task.result()
           ^^^^^^^^^^^^^^^^^^^^^^^
  File "/root/ikona_ai/venv/lib/python3.12/site-packages/telegram/ext/_updater.py", line 340, in polling_action_cb
    updates = await self.bot.get_updates(
              ^^^^^^^^^^^^^^^^^^^^^^^^^^^
  File "/root/ikona_ai/venv/lib/python3.12/site-packages/telegram/ext/_extbot.py", line 669, in get_updates
    updates = await super().get_updates(
              ^^^^^^^^^^^^^^^^^^^^^^^^^^
  File "/root/ikona_ai/venv/lib/python3.12/site-packages/telegram/_bot.py", line 4610, in get_updates
    await self._post(
  File "/root/ikona_ai/venv/lib/python3.12/site-packages/telegram/_bot.py", line 697, in _post
    return await self._do_post(
           ^^^^^^^^^^^^^^^^^^^^
  File "/root/ikona_ai/venv/lib/python3.12/site-packages/telegram/ext/_extbot.py", line 369, in _do_post
    return await super()._do_post(
           ^^^^^^^^^^^^^^^^^^^^^^^
  File "/root/ikona_ai/venv/lib/python3.12/site-packages/telegram/_bot.py", line 726, in _do_post
    result = await request.post(
             ^^^^^^^^^^^^^^^^^^^
  File "/root/ikona_ai/venv/lib/python3.12/site-packages/telegram/request/_baserequest.py", line 197, in post
    result = await self._request_wrapper(
             ^^^^^^^^^^^^^^^^^^^^^^^^^^^^
  File "/root/ikona_ai/venv/lib/python3.12/site-packages/telegram/request/_baserequest.py", line 374, in _request_wrapper
    raise exception
telegram.error.Conflict: Conflict: terminated by other getUpdates request; make sure that only one bot instance is running
2025-11-02 04:08:57,652 - httpx - INFO - HTTP Request: POST https://api.telegram.org/bot8080984118:AAEjdBYzSrp-W88qdT-jvl7M-Sb7mi1JAxI/getUpdates "HTTP/1.1 409 Conflict"
2025-11-02 04:08:57,653 - __main__ - ERROR - Exception while handling an update: Conflict: terminated by other getUpdates request; make sure that only one bot instance is running
Traceback (most recent call last):
  File "/root/ikona_ai/venv/lib/python3.12/site-packages/telegram/ext/_utils/networkloop.py", line 115, in network_retry_loop
    if not await do_action():
           ^^^^^^^^^^^^^^^^^
  File "/root/ikona_ai/venv/lib/python3.12/site-packages/telegram/ext/_utils/networkloop.py", line 108, in do_action
    return action_cb_task.result()
           ^^^^^^^^^^^^^^^^^^^^^^^
  File "/root/ikona_ai/venv/lib/python3.12/site-packages/telegram/ext/_updater.py", line 340, in polling_action_cb
    updates = await self.bot.get_updates(
              ^^^^^^^^^^^^^^^^^^^^^^^^^^^
  File "/root/ikona_ai/venv/lib/python3.12/site-packages/telegram/ext/_extbot.py", line 669, in get_updates
    updates = await super().get_updates(
              ^^^^^^^^^^^^^^^^^^^^^^^^^^
  File "/root/ikona_ai/venv/lib/python3.12/site-packages/telegram/_bot.py", line 4610, in get_updates
    await self._post(
  File "/root/ikona_ai/venv/lib/python3.12/site-packages/telegram/_bot.py", line 697, in _post
    return await self._do_post(
           ^^^^^^^^^^^^^^^^^^^^
  File "/root/ikona_ai/venv/lib/python3.12/site-packages/telegram/ext/_extbot.py", line 369, in _do_post
    return await super()._do_post(
           ^^^^^^^^^^^^^^^^^^^^^^^
  File "/root/ikona_ai/venv/lib/python3.12/site-packages/telegram/_bot.py", line 726, in _do_post
    result = await request.post(
             ^^^^^^^^^^^^^^^^^^^
  File "/root/ikona_ai/venv/lib/python3.12/site-packages/telegram/request/_baserequest.py", line 197, in post
    result = await self._request_wrapper(
             ^^^^^^^^^^^^^^^^^^^^^^^^^^^^
  File "/root/ikona_ai/venv/lib/python3.12/site-packages/telegram/request/_baserequest.py", line 374, in _request_wrapper
    raise exception
telegram.error.Conflict: Conflict: terminated by other getUpdates request; make sure that only one bot instance is running
2025-11-02 04:09:04,650 - httpx - INFO - HTTP Request: POST https://api.telegram.org/bot8080984118:AAEjdBYzSrp-W88qdT-jvl7M-Sb7mi1JAxI/getUpdates "HTTP/1.1 200 OK"
2025-11-02 04:09:13,096 - httpx - INFO - HTTP Request: POST https://api.telegram.org/bot8080984118:AAEjdBYzSrp-W88qdT-jvl7M-Sb7mi1JAxI/getUpdates "HTTP/1.1 409 Conflict"
2025-11-02 04:09:13,098 - __main__ - ERROR - Exception while handling an update: Conflict: terminated by other getUpdates request; make sure that only one bot instance is running
Traceback (most recent call last):
  File "/root/ikona_ai/venv/lib/python3.12/site-packages/telegram/ext/_utils/networkloop.py", line 115, in network_retry_loop
    if not await do_action():
           ^^^^^^^^^^^^^^^^^
  File "/root/ikona_ai/venv/lib/python3.12/site-packages/telegram/ext/_utils/networkloop.py", line 108, in do_action
    return action_cb_task.result()
           ^^^^^^^^^^^^^^^^^^^^^^^
  File "/root/ikona_ai/venv/lib/python3.12/site-packages/telegram/ext/_updater.py", line 340, in polling_action_cb
    updates = await self.bot.get_updates(
              ^^^^^^^^^^^^^^^^^^^^^^^^^^^
  File "/root/ikona_ai/venv/lib/python3.12/site-packages/telegram/ext/_extbot.py", line 669, in get_updates
    updates = await super().get_updates(
              ^^^^^^^^^^^^^^^^^^^^^^^^^^
  File "/root/ikona_ai/venv/lib/python3.12/site-packages/telegram/_bot.py", line 4610, in get_updates
    await self._post(
  File "/root/ikona_ai/venv/lib/python3.12/site-packages/telegram/_bot.py", line 697, in _post
    return await self._do_post(
           ^^^^^^^^^^^^^^^^^^^^
  File "/root/ikona_ai/venv/lib/python3.12/site-packages/telegram/ext/_extbot.py", line 369, in _do_post
    return await super()._do_post(
           ^^^^^^^^^^^^^^^^^^^^^^^
  File "/root/ikona_ai/venv/lib/python3.12/site-packages/telegram/_bot.py", line 726, in _do_post
    result = await request.post(
             ^^^^^^^^^^^^^^^^^^^
  File "/root/ikona_ai/venv/lib/python3.12/site-packages/telegram/request/_baserequest.py", line 197, in post
    result = await self._request_wrapper(
             ^^^^^^^^^^^^^^^^^^^^^^^^^^^^
  File "/root/ikona_ai/venv/lib/python3.12/site-packages/telegram/request/_baserequest.py", line 374, in _request_wrapper
    raise exception
telegram.error.Conflict: Conflict: terminated by other getUpdates request; make sure that only one bot instance is running
2025-11-02 04:09:24,147 - httpx - INFO - HTTP Request: POST https://api.telegram.org/bot8080984118:AAEjdBYzSrp-W88qdT-jvl7M-Sb7mi1JAxI/getUpdates "HTTP/1.1 200 OK"
